<?xml version="1.0" encoding="UTF-8"?>
<!-- Generated by org.testng.reporters.JUnitReportReporter -->
<testsuite skipped="0" hostname="DESKTOP-I0EUIBF" name="com.SNBN.testcases.LoginAndBill" tests="1" failures="0" timestamp="2023-07-03T10:58:57 IST" time="146.389" errors="0">
  <testcase name="BillWithoutCustTag" time="146.389" classname="com.SNBN.testcases.LoginAndBill"/>
  <system-out/>
</testsuite> <!-- com.SNBN.testcases.LoginAndBill -->
