<?xml version="1.0" encoding="UTF-8"?>
<!-- Generated by org.testng.reporters.JUnitReportReporter -->
<testsuite hostname="DESKTOP-65HJ227" failures="0" tests="8" name="com.SNBN.testcases.EndToEndTesting" time="159.010" errors="0" timestamp="2025-01-13T22:39:48 IST" skipped="0">
  <testcase classname="com.SNBN.testcases.EndToEndTesting" name="Login" time="4.973"/>
  <testcase classname="com.SNBN.testcases.EndToEndTesting" name="BillerOpeningCash" time="6.498"/>
  <testcase classname="com.SNBN.testcases.EndToEndTesting" name="AddMasters" time="10.892"/>
  <testcase classname="com.SNBN.testcases.EndToEndTesting" name="Customers" time="2.234"/>
  <testcase classname="com.SNBN.testcases.EndToEndTesting" name="Bills" time="3.159"/>
  <testcase classname="com.SNBN.testcases.EndToEndTesting" name="Distributors" time="2.553"/>
  <testcase classname="com.SNBN.testcases.EndToEndTesting" name="Purchase" time="121.398"/>
  <testcase classname="com.SNBN.testcases.EndToEndTesting" name="Logout" time="7.303"/>
</testsuite> <!-- com.SNBN.testcases.EndToEndTesting -->
