<?xml version="1.0" encoding="UTF-8"?>
<!-- Generated by org.testng.reporters.JUnitReportReporter -->
<testsuite hostname="DESKTOP-65HJ227" failures="0" tests="1" name="com.SNBN.testcases.BillWithMultipleProduct" time="134.271" errors="0" timestamp="2023-07-25T12:40:30 IST" skipped="0">
  <testcase classname="com.SNBN.testcases.BillWithMultipleProduct" name="MultipleProductsInSingleBill" time="134.271"/>
</testsuite> <!-- com.SNBN.testcases.BillWithMultipleProduct -->
