<?xml version="1.0" encoding="UTF-8"?>
<!-- Generated by org.testng.reporters.JUnitReportReporter -->
<testsuite hostname="DESKTOP-65HJ227" failures="0" tests="1" name="com.SNBN.testcases.LoginTest" time="88.663" errors="0" timestamp="2023-07-24T19:11:48 IST" skipped="0">
  <testcase classname="com.SNBN.testcases.LoginTest" name="loginAsAdmin" time="88.663"/>
</testsuite> <!-- com.SNBN.testcases.LoginTest -->
