<?xml version="1.0" encoding="UTF-8"?>
<!-- Generated by org.testng.reporters.JUnitReportReporter -->
<testsuite hostname="DESKTOP-65HJ227" failures="0" tests="1" name="com.SNBN.testcases.PaymentModes" time="275.431" errors="0" timestamp="2023-10-26T17:22:38 IST" skipped="0">
  <testcase classname="com.SNBN.testcases.PaymentModes" name="AllPaymentModes" time="275.431"/>
</testsuite> <!-- com.SNBN.testcases.PaymentModes -->
