<?xml version="1.0" encoding="UTF-8"?>
<!-- Generated by org.testng.reporters.JUnitReportReporter -->
<testsuite hostname="DESKTOP-65HJ227" failures="0" tests="1" name="com.SNBN.testcases.BillWithCustomerTag" time="71.013" errors="0" timestamp="2023-07-25T12:31:37 IST" skipped="0">
  <testcase classname="com.SNBN.testcases.BillWithCustomerTag" name="BillWithCustTag" time="71.013"/>
</testsuite> <!-- com.SNBN.testcases.BillWithCustomerTag -->
