<?xml version="1.0" encoding="UTF-8"?>
<!-- Generated by org.testng.reporters.JUnitReportReporter -->
<testsuite hostname="DESKTOP-65HJ227" failures="0" tests="1" name="com.SNBN.testcases.AddProductsUDB" time="204.346" errors="0" timestamp="2024-08-06T17:46:26 IST" skipped="0">
  <testcase classname="com.SNBN.testcases.AddProductsUDB" name="RegressionTesting" time="204.346"/>
</testsuite> <!-- com.SNBN.testcases.AddProductsUDB -->
